<?xml version="1.0" encoding="UTF-8" standalone="no"?><!DOCTYPE report PUBLIC "-//JACOCO//DTD Report 1.1//EN" "report.dtd"><report name="Pester (02/06/2021 02:04:19)"><sessioninfo id="this" start="1612577057075" dump="1612577059065" /><package name="PSNamedDirs"><class name="PSNamedDirs/completion-notebook" sourcefilename="completion-notebook.ps1"><method name="Write-HeaderHost" desc="()" line="19"><counter type="INSTRUCTION" missed="7" covered="0" /><counter type="LINE" missed="3" covered="0" /><counter type="METHOD" missed="1" covered="0" /></method><method name="&lt;script&gt;" desc="()" line="25"><counter type="INSTRUCTION" missed="39" covered="0" /><counter type="LINE" missed="24" covered="0" /><counter type="METHOD" missed="1" covered="0" /></method><method name="CanonPath" desc="()" line="33"><counter type="INSTRUCTION" missed="2" covered="0" /><counter type="LINE" missed="2" covered="0" /><counter type="METHOD" missed="1" covered="0" /></method><method name="Get-RawCompletionsForPath" desc="()" line="75"><counter type="INSTRUCTION" missed="7" covered="0" /><counter type="LINE" missed="5" covered="0" /><counter type="METHOD" missed="1" covered="0" /></method><counter type="INSTRUCTION" missed="55" covered="0" /><counter type="LINE" missed="34" covered="0" /><counter type="METHOD" missed="4" covered="0" /><counter type="CLASS" missed="1" covered="0" /></class><class name="PSNamedDirs/debugHarness" sourcefilename="debugHarness.ps1"><method name="&lt;script&gt;" desc="()" line="2"><counter type="INSTRUCTION" missed="1" covered="0" /><counter type="LINE" missed="1" covered="0" /><counter type="METHOD" missed="1" covered="0" /></method><counter type="INSTRUCTION" missed="1" covered="0" /><counter type="LINE" missed="1" covered="0" /><counter type="METHOD" missed="1" covered="0" /><counter type="CLASS" missed="1" covered="0" /></class><class name="PSNamedDirs/PSNamedDirs.build" sourcefilename="PSNamedDirs.build.ps1"><method name="&lt;script&gt;" desc="()" line="8"><counter type="INSTRUCTION" missed="97" covered="0" /><counter type="LINE" missed="74" covered="0" /><counter type="METHOD" missed="1" covered="0" /></method><counter type="INSTRUCTION" missed="97" covered="0" /><counter type="LINE" missed="74" covered="0" /><counter type="METHOD" missed="1" covered="0" /><counter type="CLASS" missed="1" covered="0" /></class><sourcefile name="completion-notebook.ps1"><line nr="19" mi="1" ci="0" mb="0" cb="0" /><line nr="21" mi="1" ci="0" mb="0" cb="0" /><line nr="23" mi="5" ci="0" mb="0" cb="0" /><line nr="25" mi="1" ci="0" mb="0" cb="0" /><line nr="33" mi="1" ci="0" mb="0" cb="0" /><line nr="34" mi="1" ci="0" mb="0" cb="0" /><line nr="38" mi="1" ci="0" mb="0" cb="0" /><line nr="39" mi="1" ci="0" mb="0" cb="0" /><line nr="41" mi="1" ci="0" mb="0" cb="0" /><line nr="42" mi="1" ci="0" mb="0" cb="0" /><line nr="44" mi="3" ci="0" mb="0" cb="0" /><line nr="45" mi="2" ci="0" mb="0" cb="0" /><line nr="46" mi="1" ci="0" mb="0" cb="0" /><line nr="48" mi="1" ci="0" mb="0" cb="0" /><line nr="49" mi="1" ci="0" mb="0" cb="0" /><line nr="51" mi="2" ci="0" mb="0" cb="0" /><line nr="52" mi="1" ci="0" mb="0" cb="0" /><line nr="53" mi="1" ci="0" mb="0" cb="0" /><line nr="55" mi="3" ci="0" mb="0" cb="0" /><line nr="56" mi="4" ci="0" mb="0" cb="0" /><line nr="58" mi="1" ci="0" mb="0" cb="0" /><line nr="59" mi="1" ci="0" mb="0" cb="0" /><line nr="60" mi="3" ci="0" mb="0" cb="0" /><line nr="61" mi="2" ci="0" mb="0" cb="0" /><line nr="63" mi="1" ci="0" mb="0" cb="0" /><line nr="64" mi="3" ci="0" mb="0" cb="0" /><line nr="65" mi="2" ci="0" mb="0" cb="0" /><line nr="75" mi="2" ci="0" mb="0" cb="0" /><line nr="76" mi="1" ci="0" mb="0" cb="0" /><line nr="78" mi="1" ci="0" mb="0" cb="0" /><line nr="80" mi="1" ci="0" mb="0" cb="0" /><line nr="82" mi="2" ci="0" mb="0" cb="0" /><line nr="87" mi="1" ci="0" mb="0" cb="0" /><line nr="88" mi="1" ci="0" mb="0" cb="0" /><counter type="INSTRUCTION" missed="55" covered="0" /><counter type="LINE" missed="34" covered="0" /><counter type="METHOD" missed="4" covered="0" /><counter type="CLASS" missed="1" covered="0" /></sourcefile><sourcefile name="debugHarness.ps1"><line nr="2" mi="1" ci="0" mb="0" cb="0" /><counter type="INSTRUCTION" missed="1" covered="0" /><counter type="LINE" missed="1" covered="0" /><counter type="METHOD" missed="1" covered="0" /><counter type="CLASS" missed="1" covered="0" /></sourcefile><sourcefile name="PSNamedDirs.build.ps1"><line nr="8" mi="1" ci="0" mb="0" cb="0" /><line nr="9" mi="1" ci="0" mb="0" cb="0" /><line nr="13" mi="1" ci="0" mb="0" cb="0" /><line nr="14" mi="1" ci="0" mb="0" cb="0" /><line nr="15" mi="1" ci="0" mb="0" cb="0" /><line nr="16" mi="1" ci="0" mb="0" cb="0" /><line nr="17" mi="1" ci="0" mb="0" cb="0" /><line nr="18" mi="1" ci="0" mb="0" cb="0" /><line nr="21" mi="1" ci="0" mb="0" cb="0" /><line nr="22" mi="1" ci="0" mb="0" cb="0" /><line nr="23" mi="1" ci="0" mb="0" cb="0" /><line nr="24" mi="1" ci="0" mb="0" cb="0" /><line nr="25" mi="1" ci="0" mb="0" cb="0" /><line nr="26" mi="1" ci="0" mb="0" cb="0" /><line nr="27" mi="1" ci="0" mb="0" cb="0" /><line nr="28" mi="1" ci="0" mb="0" cb="0" /><line nr="29" mi="1" ci="0" mb="0" cb="0" /><line nr="35" mi="1" ci="0" mb="0" cb="0" /><line nr="36" mi="2" ci="0" mb="0" cb="0" /><line nr="37" mi="2" ci="0" mb="0" cb="0" /><line nr="38" mi="2" ci="0" mb="0" cb="0" /><line nr="46" mi="2" ci="0" mb="0" cb="0" /><line nr="47" mi="1" ci="0" mb="0" cb="0" /><line nr="52" mi="2" ci="0" mb="0" cb="0" /><line nr="53" mi="1" ci="0" mb="0" cb="0" /><line nr="54" mi="1" ci="0" mb="0" cb="0" /><line nr="56" mi="2" ci="0" mb="0" cb="0" /><line nr="58" mi="1" ci="0" mb="0" cb="0" /><line nr="62" mi="1" ci="0" mb="0" cb="0" /><line nr="63" mi="1" ci="0" mb="0" cb="0" /><line nr="65" mi="1" ci="0" mb="0" cb="0" /><line nr="68" mi="1" ci="0" mb="0" cb="0" /><line nr="71" mi="1" ci="0" mb="0" cb="0" /><line nr="72" mi="1" ci="0" mb="0" cb="0" /><line nr="73" mi="1" ci="0" mb="0" cb="0" /><line nr="75" mi="1" ci="0" mb="0" cb="0" /><line nr="76" mi="1" ci="0" mb="0" cb="0" /><line nr="80" mi="1" ci="0" mb="0" cb="0" /><line nr="82" mi="1" ci="0" mb="0" cb="0" /><line nr="84" mi="1" ci="0" mb="0" cb="0" /><line nr="86" mi="1" ci="0" mb="0" cb="0" /><line nr="87" mi="3" ci="0" mb="0" cb="0" /><line nr="88" mi="3" ci="0" mb="0" cb="0" /><line nr="92" mi="1" ci="0" mb="0" cb="0" /><line nr="96" mi="1" ci="0" mb="0" cb="0" /><line nr="97" mi="2" ci="0" mb="0" cb="0" /><line nr="103" mi="2" ci="0" mb="0" cb="0" /><line nr="105" mi="2" ci="0" mb="0" cb="0" /><line nr="107" mi="1" ci="0" mb="0" cb="0" /><line nr="110" mi="1" ci="0" mb="0" cb="0" /><line nr="111" mi="1" ci="0" mb="0" cb="0" /><line nr="114" mi="2" ci="0" mb="0" cb="0" /><line nr="115" mi="1" ci="0" mb="0" cb="0" /><line nr="120" mi="1" ci="0" mb="0" cb="0" /><line nr="121" mi="1" ci="0" mb="0" cb="0" /><line nr="122" mi="3" ci="0" mb="0" cb="0" /><line nr="124" mi="1" ci="0" mb="0" cb="0" /><line nr="126" mi="2" ci="0" mb="0" cb="0" /><line nr="127" mi="1" ci="0" mb="0" cb="0" /><line nr="130" mi="2" ci="0" mb="0" cb="0" /><line nr="132" mi="1" ci="0" mb="0" cb="0" /><line nr="135" mi="2" ci="0" mb="0" cb="0" /><line nr="140" mi="3" ci="0" mb="0" cb="0" /><line nr="143" mi="1" ci="0" mb="0" cb="0" /><line nr="144" mi="2" ci="0" mb="0" cb="0" /><line nr="145" mi="1" ci="0" mb="0" cb="0" /><line nr="148" mi="2" ci="0" mb="0" cb="0" /><line nr="149" mi="1" ci="0" mb="0" cb="0" /><line nr="158" mi="1" ci="0" mb="0" cb="0" /><line nr="160" mi="1" ci="0" mb="0" cb="0" /><line nr="162" mi="1" ci="0" mb="0" cb="0" /><line nr="164" mi="1" ci="0" mb="0" cb="0" /><line nr="166" mi="1" ci="0" mb="0" cb="0" /><line nr="168" mi="1" ci="0" mb="0" cb="0" /><counter type="INSTRUCTION" missed="97" covered="0" /><counter type="LINE" missed="74" covered="0" /><counter type="METHOD" missed="1" covered="0" /><counter type="CLASS" missed="1" covered="0" /></sourcefile><counter type="INSTRUCTION" missed="153" covered="0" /><counter type="LINE" missed="109" covered="0" /><counter type="METHOD" missed="6" covered="0" /><counter type="CLASS" missed="3" covered="0" /></package><counter type="INSTRUCTION" missed="153" covered="0" /><counter type="LINE" missed="109" covered="0" /><counter type="METHOD" missed="6" covered="0" /><counter type="CLASS" missed="3" covered="0" /></report>
